[debug] [2017-08-14T08:17:00.143Z] ----------------------------------------------------------------------
[debug] [2017-08-14T08:17:00.146Z] Command:       C:\Program Files\nodejs\node.exe C:\Users\Ujjwal\AppData\Roaming\npm\node_modules\firebase-tools\bin\firebase deploy --only hosting
[debug] [2017-08-14T08:17:00.146Z] CLI Version:   3.9.2
[debug] [2017-08-14T08:17:00.146Z] Platform:      win32
[debug] [2017-08-14T08:17:00.146Z] Node Version:  v7.10.0
[debug] [2017-08-14T08:17:00.147Z] Time:          Mon Aug 14 2017 13:47:00 GMT+0530 (India Standard Time)
[debug] [2017-08-14T08:17:00.147Z] ----------------------------------------------------------------------
[debug] 
[debug] [2017-08-14T08:17:00.171Z] > command requires scopes: ["email","openid","https://www.googleapis.com/auth/cloudplatformprojects.readonly","https://www.googleapis.com/auth/firebase","https://www.googleapis.com/auth/cloud-platform"]
[debug] [2017-08-14T08:17:00.171Z] > authorizing via signed-in user
[debug] [2017-08-14T08:17:00.174Z] > refreshing access token with scopes: ["email","https://www.googleapis.com/auth/cloud-platform","https://www.googleapis.com/auth/cloudplatformprojects.readonly","https://www.googleapis.com/auth/firebase","openid"]
[debug] [2017-08-14T08:17:00.174Z] >>> HTTP REQUEST POST https://www.googleapis.com/oauth2/v3/token { refresh_token: '1/l9wBHgF-N_fC_H105JCc_lAUBEhbCZCpNqbtLPg2bu8',
  client_id: '563584335869-fgrhgmd47bqnekij5i8b5pr03ho849e6.apps.googleusercontent.com',
  client_secret: 'j9iVZfS8kkCEFUPaAeJV0sAi',
  grant_type: 'refresh_token',
  scope: 'email https://www.googleapis.com/auth/cloud-platform https://www.googleapis.com/auth/cloudplatformprojects.readonly https://www.googleapis.com/auth/firebase openid' } 
 Mon Aug 14 2017 13:47:00 GMT+0530 (India Standard Time)
[debug] [2017-08-14T08:17:00.405Z] <<< HTTP RESPONSE 200
[debug] [2017-08-14T08:17:00.410Z] >>> HTTP REQUEST GET https://admin.firebase.com/v1/projects/waddress-5f30b  
 Mon Aug 14 2017 13:47:00 GMT+0530 (India Standard Time)
[debug] [2017-08-14T08:17:02.492Z] <<< HTTP RESPONSE 200
[debug] [2017-08-14T08:17:02.493Z] >>> HTTP REQUEST GET https://admin.firebase.com/v1/database/waddress-5f30b/tokens  
 Mon Aug 14 2017 13:47:02 GMT+0530 (India Standard Time)
[debug] [2017-08-14T08:17:03.546Z] <<< HTTP RESPONSE 200
[info] 
[info] === Deploying to 'waddress-5f30b'...
[info] 
[info] i  deploying hosting
[info] i  hosting: preparing public directory for upload...
[debug] [2017-08-14T08:17:06.020Z] >>> HTTP REQUEST PUT https://deploy.firebase.com/v1/hosting/waddress-5f30b/uploads/-KrUoKvz1WagKuL3vshW?fileCount=13&message=  
 Mon Aug 14 2017 13:47:06 GMT+0530 (India Standard Time)
